[2026-05-19 10:44:48] Ansluten som WRLD
[2026-05-19 10:44:52] Skickade: hej
[2026-05-19 10:44:58] Skickade bild: expansionskärl.jpg
[2026-05-19 10:45:07] Frånkopplad från server
[2026-05-19 10:45:07] ERROR: Mottagningsfel - Unable to read data from the transport connection: I/O-åtgärden har avbrutits därför att en tråd har avslutats eller för att ett program har begärt det..
[2026-05-19 10:51:02] Ansluten som user_1
[2026-05-19 10:51:12] Skickade: Hej, test test
[2026-05-19 10:51:20] Skickade bild: expansionskärl.jpg
[2026-05-19 10:51:36] Frånkopplad från server
[2026-05-19 10:51:36] ERROR: Mottagningsfel - Unable to read data from the transport connection: I/O-åtgärden har avbrutits därför att en tråd har avslutats eller för att ett program har begärt det..
[2026-05-19 10:51:39] Ansluten som dddd
[2026-05-19 10:51:41] Skickade: hej
[2026-05-19 10:51:43] Frånkopplad från server
[2026-05-19 10:51:43] ERROR: Mottagningsfel - Unable to read data from the transport connection: I/O-åtgärden har avbrutits därför att en tråd har avslutats eller för att ett program har begärt det..
[2026-05-19 11:03:38] Ansluten som Dddd
[2026-05-19 11:03:40] Skickade: HEj
[2026-05-19 11:03:44] Skickade: tesetst
[2026-05-19 11:03:47] Skickade bild: expansionskärl.jpg
[2026-05-19 11:03:51] Frånkopplad från server
[2026-05-19 11:03:51] ERROR: Mottagningsfel - Unable to read data from the transport connection: I/O-åtgärden har avbrutits därför att en tråd har avslutats eller för att ett program har begärt det..
[2026-05-19 11:03:53] Ansluten som babaeba
[2026-05-19 11:03:56] Skickade: hejhej
[2026-05-19 11:04:00] Frånkopplad från server
[2026-05-19 11:07:29] Ansluten som adadada
[2026-05-19 11:07:30] Skickade: hej hej
[2026-05-19 11:07:33] Skickade: test
[2026-05-19 11:07:39] Skickade bild: expansionskärl.jpg
[2026-05-19 11:10:34] ERROR: Mottagningsfel - Unable to read data from the transport connection: En befintlig anslutning tvingades att stänga av fjärrvärddatorn..
[2026-05-19 11:10:34] Frånkopplad från server
[2026-05-19 11:11:11] Ansluten som dddd
[2026-05-19 11:11:12] Skickade: hej
[2026-05-19 11:11:13] Skickade: hej
[2026-05-19 11:11:14] Skickade: dd
[2026-05-19 11:11:16] Frånkopplad från server
[2026-05-19 11:11:16] ERROR: Mottagningsfel - Unable to read data from the transport connection: I/O-åtgärden har avbrutits därför att en tråd har avslutats eller för att ett program har begärt det..
[2026-05-19 11:11:17] Ansluten som geegeg
[2026-05-19 11:11:19] Skickade: feege
[2026-05-19 11:13:35] Frånkopplad från server
[2026-05-19 11:14:24] Ansluten som dadada
[2026-05-19 11:14:25] Skickade: hejhej
[2026-05-19 11:14:26] Skickade: gej
[2026-05-19 11:14:32] Frånkopplad från server
[2026-05-19 11:14:32] ERROR: Mottagningsfel - Unable to read data from the transport connection: I/O-åtgärden har avbrutits därför att en tråd har avslutats eller för att ett program har begärt det..
[2026-05-19 11:14:33] Ansluten som baeba
[2026-05-19 11:14:34] Skickade: feeef
[2026-05-19 11:14:43] Frånkopplad från server
[2026-05-19 11:14:43] ERROR: Mottagningsfel - Unable to read data from the transport connection: I/O-åtgärden har avbrutits därför att en tråd har avslutats eller för att ett program har begärt det..
[2026-05-19 11:23:57] Ansluten som ddd
[2026-05-19 11:23:59] Skickade: dadad
[2026-05-19 11:24:00] Skickade: fag
[2026-05-19 11:24:02] Frånkopplad från server
[2026-05-19 11:24:02] ERROR: Mottagningsfel - Unable to read data from the transport connection: I/O-åtgärden har avbrutits därför att en tråd har avslutats eller för att ett program har begärt det..
[2026-05-19 11:24:03] Ansluten som rqrtg
[2026-05-19 11:24:04] Skickade: dadawd
[2026-05-19 11:24:05] Skickade: dawda
[2026-05-19 11:24:13] Frånkopplad från server
[2026-05-19 11:24:13] ERROR: Mottagningsfel - Unable to read data from the transport connection: I/O-åtgärden har avbrutits därför att en tråd har avslutats eller för att ett program har begärt det..
