[2026-05-19 10:44:07] Server startad
[2026-05-19 10:44:48] Ansluten: WRLD
[2026-05-19 10:44:52] [10:44:52] WRLD: hej
[2026-05-19 10:44:58] [10:44:58] WRLD: [Bild: expansionskärl.jpg] [BILD: expansionskärl.jpg]
[2026-05-19 10:45:07] Frånkopplad: WRLD
[2026-05-19 10:50:44] Server startad
[2026-05-19 10:51:02] Ansluten: user_1
[2026-05-19 10:51:12] [10:51:12] user_1: Hej, test test
[2026-05-19 10:51:20] [10:51:20] user_1: [Bild: expansionskärl.jpg] [BILD: expansionskärl.jpg]
[2026-05-19 10:51:36] Frånkopplad: user_1
[2026-05-19 10:51:39] Ansluten: dddd
[2026-05-19 10:51:41] [10:51:41] dddd: hej
[2026-05-19 10:51:43] Frånkopplad: dddd
[2026-05-19 11:00:48] Server startad
[2026-05-19 11:03:17] Server startad
[2026-05-19 11:03:38] Ansluten: Dddd
[2026-05-19 11:03:40] [11:03:40] Dddd: HEj
[2026-05-19 11:03:44] [11:03:44] Dddd: tesetst
[2026-05-19 11:03:47] [11:03:47] Dddd: [Bild: expansionskärl.jpg] [BILD: expansionskärl.jpg]
[2026-05-19 11:03:51] Frånkopplad: Dddd
[2026-05-19 11:03:53] Ansluten: babaeba
[2026-05-19 11:03:56] [11:03:56] babaeba: hejhej
[2026-05-19 11:04:00] Frånkopplad: babaeba
[2026-05-19 11:07:17] Server startad
[2026-05-19 11:07:29] Ansluten: adadada
[2026-05-19 11:07:30] [11:07:30] adadada: hej hej
[2026-05-19 11:07:33] [11:07:33] adadada: test
[2026-05-19 11:07:39] [11:07:39] adadada: [Bild: expansionskärl.jpg] [BILD: expansionskärl.jpg]
[2026-05-19 11:10:39] Server startad
[2026-05-19 11:11:11] Ansluten: dddd
[2026-05-19 11:11:12] [11:11:12] dddd: hej
[2026-05-19 11:11:13] [11:11:13] dddd: hej
[2026-05-19 11:11:14] [11:11:14] dddd: dd
[2026-05-19 11:11:16] Frånkopplad: dddd
[2026-05-19 11:11:17] Ansluten: geegeg
[2026-05-19 11:11:19] [11:11:19] geegeg: feege
[2026-05-19 11:13:35] Frånkopplad: geegeg
[2026-05-19 11:14:16] Server startad
[2026-05-19 11:14:24] Ansluten: dadada
[2026-05-19 11:14:25] [11:14:25] dadada: hejhej
[2026-05-19 11:14:26] [11:14:26] dadada: gej
[2026-05-19 11:14:32] Frånkopplad: dadada
[2026-05-19 11:14:33] Ansluten: baeba
[2026-05-19 11:14:34] [11:14:34] baeba: feeef
[2026-05-19 11:14:43] Frånkopplad: baeba
[2026-05-19 11:23:44] Server startad
[2026-05-19 11:23:57] Ansluten: ddd
[2026-05-19 11:23:59] [11:23:59] ddd: dadad
[2026-05-19 11:24:00] [11:24:00] ddd: fag
[2026-05-19 11:24:02] Frånkopplad: ddd
[2026-05-19 11:24:03] Ansluten: rqrtg
[2026-05-19 11:24:04] [11:24:04] rqrtg: dadawd
[2026-05-19 11:24:05] [11:24:05] rqrtg: dawda
[2026-05-19 11:24:13] Frånkopplad: rqrtg
